09:27:12.671 [main] WARN  o.a.cxf.bus.spring.OldSpringSupport - Import of META-INF/cxf/cxf-extension-soap.xml has been deprecated and is unnecessary.
09:27:14.828 [main] WARN  c.k.security.filter.PermissionFilter - Could not validate configuration attributes as the SecurityMetadataSource did not return any attributes from getAllConfigAttributes()
09:27:15.187 [main] WARN  o.s.s.c.h.DefaultFilterChainValidator - Possible error: Filters at position 9 and 10 are both instances of org.springframework.security.web.access.intercept.FilterSecurityInterceptor
09:27:16.515 [main] WARN  o.s.aop.framework.CglibAopProxy - Unable to proxy method [public final void org.springframework.test.context.junit4.AbstractJUnit4SpringContextTests.setApplicationContext(org.springframework.context.ApplicationContext)] because it is final: All calls to this method via a proxy will be routed directly to the proxy.
09:27:17.296 [main] WARN  o.a.cxf.bus.spring.OldSpringSupport - Import of META-INF/cxf/cxf-extension-soap.xml has been deprecated and is unnecessary.
09:27:17.421 [main] WARN  c.k.security.filter.PermissionFilter - Could not validate configuration attributes as the SecurityMetadataSource did not return any attributes from getAllConfigAttributes()
09:27:17.468 [main] WARN  o.s.s.c.h.DefaultFilterChainValidator - Possible error: Filters at position 9 and 10 are both instances of org.springframework.security.web.access.intercept.FilterSecurityInterceptor
09:27:17.515 [main] WARN  o.s.aop.framework.CglibAopProxy - Unable to proxy method [public final void org.springframework.test.context.junit4.AbstractJUnit4SpringContextTests.setApplicationContext(org.springframework.context.ApplicationContext)] because it is final: All calls to this method via a proxy will be routed directly to the proxy.
09:27:18.234 [main] WARN  o.a.cxf.bus.spring.OldSpringSupport - Import of META-INF/cxf/cxf-extension-soap.xml has been deprecated and is unnecessary.
09:27:18.468 [main] WARN  c.k.security.filter.PermissionFilter - Could not validate configuration attributes as the SecurityMetadataSource did not return any attributes from getAllConfigAttributes()
09:27:18.515 [main] WARN  o.s.s.c.h.DefaultFilterChainValidator - Possible error: Filters at position 9 and 10 are both instances of org.springframework.security.web.access.intercept.FilterSecurityInterceptor
09:27:18.562 [main] WARN  o.s.aop.framework.CglibAopProxy - Unable to proxy method [public final void org.springframework.test.context.junit4.AbstractJUnit4SpringContextTests.setApplicationContext(org.springframework.context.ApplicationContext)] because it is final: All calls to this method via a proxy will be routed directly to the proxy.
09:27:19.203 [main] WARN  o.a.cxf.bus.spring.OldSpringSupport - Import of META-INF/cxf/cxf-extension-soap.xml has been deprecated and is unnecessary.
09:27:19.328 [main] WARN  c.k.security.filter.PermissionFilter - Could not validate configuration attributes as the SecurityMetadataSource did not return any attributes from getAllConfigAttributes()
09:27:19.390 [main] WARN  o.s.s.c.h.DefaultFilterChainValidator - Possible error: Filters at position 9 and 10 are both instances of org.springframework.security.web.access.intercept.FilterSecurityInterceptor
09:27:19.421 [main] WARN  o.s.aop.framework.CglibAopProxy - Unable to proxy method [public final void org.springframework.test.context.junit4.AbstractJUnit4SpringContextTests.setApplicationContext(org.springframework.context.ApplicationContext)] because it is final: All calls to this method via a proxy will be routed directly to the proxy.
09:27:20.156 [main] WARN  o.a.cxf.bus.spring.OldSpringSupport - Import of META-INF/cxf/cxf-extension-soap.xml has been deprecated and is unnecessary.
09:27:20.250 [main] WARN  c.k.security.filter.PermissionFilter - Could not validate configuration attributes as the SecurityMetadataSource did not return any attributes from getAllConfigAttributes()
09:27:20.296 [main] WARN  o.s.s.c.h.DefaultFilterChainValidator - Possible error: Filters at position 9 and 10 are both instances of org.springframework.security.web.access.intercept.FilterSecurityInterceptor
09:27:20.343 [main] WARN  o.s.aop.framework.CglibAopProxy - Unable to proxy method [public final void org.springframework.test.context.junit4.AbstractJUnit4SpringContextTests.setApplicationContext(org.springframework.context.ApplicationContext)] because it is final: All calls to this method via a proxy will be routed directly to the proxy.
09:27:20.968 [main] WARN  o.a.cxf.bus.spring.OldSpringSupport - Import of META-INF/cxf/cxf-extension-soap.xml has been deprecated and is unnecessary.
09:27:21.062 [main] WARN  c.k.security.filter.PermissionFilter - Could not validate configuration attributes as the SecurityMetadataSource did not return any attributes from getAllConfigAttributes()
09:27:21.125 [main] WARN  o.s.s.c.h.DefaultFilterChainValidator - Possible error: Filters at position 9 and 10 are both instances of org.springframework.security.web.access.intercept.FilterSecurityInterceptor
09:27:21.171 [main] WARN  o.s.aop.framework.CglibAopProxy - Unable to proxy method [public final void org.springframework.test.context.junit4.AbstractJUnit4SpringContextTests.setApplicationContext(org.springframework.context.ApplicationContext)] because it is final: All calls to this method via a proxy will be routed directly to the proxy.
09:27:21.953 [main] WARN  o.a.cxf.bus.spring.OldSpringSupport - Import of META-INF/cxf/cxf-extension-soap.xml has been deprecated and is unnecessary.
09:27:22.046 [main] WARN  c.k.security.filter.PermissionFilter - Could not validate configuration attributes as the SecurityMetadataSource did not return any attributes from getAllConfigAttributes()
09:27:22.093 [main] WARN  o.s.s.c.h.DefaultFilterChainValidator - Possible error: Filters at position 9 and 10 are both instances of org.springframework.security.web.access.intercept.FilterSecurityInterceptor
09:27:22.140 [main] WARN  o.s.aop.framework.CglibAopProxy - Unable to proxy method [public final void org.springframework.test.context.junit4.AbstractJUnit4SpringContextTests.setApplicationContext(org.springframework.context.ApplicationContext)] because it is final: All calls to this method via a proxy will be routed directly to the proxy.
09:27:22.703 [main] WARN  o.a.cxf.bus.spring.OldSpringSupport - Import of META-INF/cxf/cxf-extension-soap.xml has been deprecated and is unnecessary.
09:27:22.796 [main] WARN  c.k.security.filter.PermissionFilter - Could not validate configuration attributes as the SecurityMetadataSource did not return any attributes from getAllConfigAttributes()
09:27:22.843 [main] WARN  o.s.s.c.h.DefaultFilterChainValidator - Possible error: Filters at position 9 and 10 are both instances of org.springframework.security.web.access.intercept.FilterSecurityInterceptor
09:27:22.890 [main] WARN  o.s.aop.framework.CglibAopProxy - Unable to proxy method [public final void org.springframework.test.context.junit4.AbstractJUnit4SpringContextTests.setApplicationContext(org.springframework.context.ApplicationContext)] because it is final: All calls to this method via a proxy will be routed directly to the proxy.
09:27:23.453 [main] WARN  o.a.cxf.bus.spring.OldSpringSupport - Import of META-INF/cxf/cxf-extension-soap.xml has been deprecated and is unnecessary.
09:27:23.546 [main] WARN  c.k.security.filter.PermissionFilter - Could not validate configuration attributes as the SecurityMetadataSource did not return any attributes from getAllConfigAttributes()
09:27:23.593 [main] WARN  o.s.s.c.h.DefaultFilterChainValidator - Possible error: Filters at position 9 and 10 are both instances of org.springframework.security.web.access.intercept.FilterSecurityInterceptor
09:27:23.625 [main] WARN  o.s.aop.framework.CglibAopProxy - Unable to proxy method [public final void org.springframework.test.context.junit4.AbstractJUnit4SpringContextTests.setApplicationContext(org.springframework.context.ApplicationContext)] because it is final: All calls to this method via a proxy will be routed directly to the proxy.
09:27:24.203 [main] WARN  o.a.cxf.bus.spring.OldSpringSupport - Import of META-INF/cxf/cxf-extension-soap.xml has been deprecated and is unnecessary.
09:27:24.296 [main] WARN  c.k.security.filter.PermissionFilter - Could not validate configuration attributes as the SecurityMetadataSource did not return any attributes from getAllConfigAttributes()
09:27:24.328 [main] WARN  o.s.s.c.h.DefaultFilterChainValidator - Possible error: Filters at position 9 and 10 are both instances of org.springframework.security.web.access.intercept.FilterSecurityInterceptor
09:27:24.375 [main] WARN  o.s.aop.framework.CglibAopProxy - Unable to proxy method [public final void org.springframework.test.context.junit4.AbstractJUnit4SpringContextTests.setApplicationContext(org.springframework.context.ApplicationContext)] because it is final: All calls to this method via a proxy will be routed directly to the proxy.
09:27:24.921 [main] WARN  o.a.cxf.bus.spring.OldSpringSupport - Import of META-INF/cxf/cxf-extension-soap.xml has been deprecated and is unnecessary.
09:27:25.015 [main] WARN  c.k.security.filter.PermissionFilter - Could not validate configuration attributes as the SecurityMetadataSource did not return any attributes from getAllConfigAttributes()
09:27:25.062 [main] WARN  o.s.s.c.h.DefaultFilterChainValidator - Possible error: Filters at position 9 and 10 are both instances of org.springframework.security.web.access.intercept.FilterSecurityInterceptor
09:27:25.109 [main] WARN  o.s.aop.framework.CglibAopProxy - Unable to proxy method [public final void org.springframework.test.context.junit4.AbstractJUnit4SpringContextTests.setApplicationContext(org.springframework.context.ApplicationContext)] because it is final: All calls to this method via a proxy will be routed directly to the proxy.
09:27:25.859 [main] WARN  o.a.cxf.bus.spring.OldSpringSupport - Import of META-INF/cxf/cxf-extension-soap.xml has been deprecated and is unnecessary.
09:27:25.953 [main] WARN  c.k.security.filter.PermissionFilter - Could not validate configuration attributes as the SecurityMetadataSource did not return any attributes from getAllConfigAttributes()
09:27:26.000 [main] WARN  o.s.s.c.h.DefaultFilterChainValidator - Possible error: Filters at position 9 and 10 are both instances of org.springframework.security.web.access.intercept.FilterSecurityInterceptor
09:27:26.046 [main] WARN  o.s.aop.framework.CglibAopProxy - Unable to proxy method [public final void org.springframework.test.context.junit4.AbstractJUnit4SpringContextTests.setApplicationContext(org.springframework.context.ApplicationContext)] because it is final: All calls to this method via a proxy will be routed directly to the proxy.
09:27:41.390 [main] WARN  o.a.cxf.bus.spring.OldSpringSupport - Import of META-INF/cxf/cxf-extension-soap.xml has been deprecated and is unnecessary.
09:27:42.390 [main] WARN  c.k.security.filter.PermissionFilter - Could not validate configuration attributes as the SecurityMetadataSource did not return any attributes from getAllConfigAttributes()
09:27:42.593 [main] WARN  o.s.s.c.h.DefaultFilterChainValidator - Possible error: Filters at position 9 and 10 are both instances of org.springframework.security.web.access.intercept.FilterSecurityInterceptor
09:27:43.187 [main] WARN  o.s.aop.framework.CglibAopProxy - Unable to proxy method [public final void org.springframework.test.context.junit4.AbstractJUnit4SpringContextTests.setApplicationContext(org.springframework.context.ApplicationContext)] because it is final: All calls to this method via a proxy will be routed directly to the proxy.
09:27:43.937 [main] WARN  o.a.cxf.bus.spring.OldSpringSupport - Import of META-INF/cxf/cxf-extension-soap.xml has been deprecated and is unnecessary.
09:27:44.046 [main] WARN  c.k.security.filter.PermissionFilter - Could not validate configuration attributes as the SecurityMetadataSource did not return any attributes from getAllConfigAttributes()
09:27:44.093 [main] WARN  o.s.s.c.h.DefaultFilterChainValidator - Possible error: Filters at position 9 and 10 are both instances of org.springframework.security.web.access.intercept.FilterSecurityInterceptor
09:27:44.140 [main] WARN  o.s.aop.framework.CglibAopProxy - Unable to proxy method [public final void org.springframework.test.context.junit4.AbstractJUnit4SpringContextTests.setApplicationContext(org.springframework.context.ApplicationContext)] because it is final: All calls to this method via a proxy will be routed directly to the proxy.
09:27:44.796 [main] WARN  o.a.cxf.bus.spring.OldSpringSupport - Import of META-INF/cxf/cxf-extension-soap.xml has been deprecated and is unnecessary.
09:27:44.890 [main] WARN  c.k.security.filter.PermissionFilter - Could not validate configuration attributes as the SecurityMetadataSource did not return any attributes from getAllConfigAttributes()
09:27:44.953 [main] WARN  o.s.s.c.h.DefaultFilterChainValidator - Possible error: Filters at position 9 and 10 are both instances of org.springframework.security.web.access.intercept.FilterSecurityInterceptor
09:27:44.984 [main] WARN  o.s.aop.framework.CglibAopProxy - Unable to proxy method [public final void org.springframework.test.context.junit4.AbstractJUnit4SpringContextTests.setApplicationContext(org.springframework.context.ApplicationContext)] because it is final: All calls to this method via a proxy will be routed directly to the proxy.
09:27:45.765 [main] WARN  o.a.cxf.bus.spring.OldSpringSupport - Import of META-INF/cxf/cxf-extension-soap.xml has been deprecated and is unnecessary.
09:27:45.859 [main] WARN  c.k.security.filter.PermissionFilter - Could not validate configuration attributes as the SecurityMetadataSource did not return any attributes from getAllConfigAttributes()
09:27:45.906 [main] WARN  o.s.s.c.h.DefaultFilterChainValidator - Possible error: Filters at position 9 and 10 are both instances of org.springframework.security.web.access.intercept.FilterSecurityInterceptor
09:27:45.968 [main] WARN  o.s.aop.framework.CglibAopProxy - Unable to proxy method [public final void org.springframework.test.context.junit4.AbstractJUnit4SpringContextTests.setApplicationContext(org.springframework.context.ApplicationContext)] because it is final: All calls to this method via a proxy will be routed directly to the proxy.
09:27:46.640 [main] WARN  o.a.cxf.bus.spring.OldSpringSupport - Import of META-INF/cxf/cxf-extension-soap.xml has been deprecated and is unnecessary.
09:27:46.750 [main] WARN  c.k.security.filter.PermissionFilter - Could not validate configuration attributes as the SecurityMetadataSource did not return any attributes from getAllConfigAttributes()
09:27:46.812 [main] WARN  o.s.s.c.h.DefaultFilterChainValidator - Possible error: Filters at position 9 and 10 are both instances of org.springframework.security.web.access.intercept.FilterSecurityInterceptor
09:27:46.875 [main] WARN  o.s.aop.framework.CglibAopProxy - Unable to proxy method [public final void org.springframework.test.context.junit4.AbstractJUnit4SpringContextTests.setApplicationContext(org.springframework.context.ApplicationContext)] because it is final: All calls to this method via a proxy will be routed directly to the proxy.
09:27:47.562 [main] WARN  o.a.cxf.bus.spring.OldSpringSupport - Import of META-INF/cxf/cxf-extension-soap.xml has been deprecated and is unnecessary.
09:27:47.671 [main] WARN  c.k.security.filter.PermissionFilter - Could not validate configuration attributes as the SecurityMetadataSource did not return any attributes from getAllConfigAttributes()
09:27:47.734 [main] WARN  o.s.s.c.h.DefaultFilterChainValidator - Possible error: Filters at position 9 and 10 are both instances of org.springframework.security.web.access.intercept.FilterSecurityInterceptor
09:27:47.765 [main] WARN  o.s.aop.framework.CglibAopProxy - Unable to proxy method [public final void org.springframework.test.context.junit4.AbstractJUnit4SpringContextTests.setApplicationContext(org.springframework.context.ApplicationContext)] because it is final: All calls to this method via a proxy will be routed directly to the proxy.
09:27:48.484 [main] WARN  o.a.cxf.bus.spring.OldSpringSupport - Import of META-INF/cxf/cxf-extension-soap.xml has been deprecated and is unnecessary.
09:27:48.578 [main] WARN  c.k.security.filter.PermissionFilter - Could not validate configuration attributes as the SecurityMetadataSource did not return any attributes from getAllConfigAttributes()
09:27:48.625 [main] WARN  o.s.s.c.h.DefaultFilterChainValidator - Possible error: Filters at position 9 and 10 are both instances of org.springframework.security.web.access.intercept.FilterSecurityInterceptor
09:27:48.687 [main] WARN  o.s.aop.framework.CglibAopProxy - Unable to proxy method [public final void org.springframework.test.context.junit4.AbstractJUnit4SpringContextTests.setApplicationContext(org.springframework.context.ApplicationContext)] because it is final: All calls to this method via a proxy will be routed directly to the proxy.
09:27:49.296 [main] WARN  o.a.cxf.bus.spring.OldSpringSupport - Import of META-INF/cxf/cxf-extension-soap.xml has been deprecated and is unnecessary.
09:27:49.406 [main] WARN  c.k.security.filter.PermissionFilter - Could not validate configuration attributes as the SecurityMetadataSource did not return any attributes from getAllConfigAttributes()
09:27:49.468 [main] WARN  o.s.s.c.h.DefaultFilterChainValidator - Possible error: Filters at position 9 and 10 are both instances of org.springframework.security.web.access.intercept.FilterSecurityInterceptor
09:27:49.531 [main] WARN  o.s.aop.framework.CglibAopProxy - Unable to proxy method [public final void org.springframework.test.context.junit4.AbstractJUnit4SpringContextTests.setApplicationContext(org.springframework.context.ApplicationContext)] because it is final: All calls to this method via a proxy will be routed directly to the proxy.
09:27:50.156 [main] WARN  o.a.cxf.bus.spring.OldSpringSupport - Import of META-INF/cxf/cxf-extension-soap.xml has been deprecated and is unnecessary.
09:27:50.250 [main] WARN  c.k.security.filter.PermissionFilter - Could not validate configuration attributes as the SecurityMetadataSource did not return any attributes from getAllConfigAttributes()
09:27:50.296 [main] WARN  o.s.s.c.h.DefaultFilterChainValidator - Possible error: Filters at position 9 and 10 are both instances of org.springframework.security.web.access.intercept.FilterSecurityInterceptor
09:27:50.343 [main] WARN  o.s.aop.framework.CglibAopProxy - Unable to proxy method [public final void org.springframework.test.context.junit4.AbstractJUnit4SpringContextTests.setApplicationContext(org.springframework.context.ApplicationContext)] because it is final: All calls to this method via a proxy will be routed directly to the proxy.
09:27:50.921 [main] WARN  o.a.cxf.bus.spring.OldSpringSupport - Import of META-INF/cxf/cxf-extension-soap.xml has been deprecated and is unnecessary.
09:27:51.015 [main] WARN  c.k.security.filter.PermissionFilter - Could not validate configuration attributes as the SecurityMetadataSource did not return any attributes from getAllConfigAttributes()
09:27:51.062 [main] WARN  o.s.s.c.h.DefaultFilterChainValidator - Possible error: Filters at position 9 and 10 are both instances of org.springframework.security.web.access.intercept.FilterSecurityInterceptor
09:27:51.125 [main] WARN  o.s.aop.framework.CglibAopProxy - Unable to proxy method [public final void org.springframework.test.context.junit4.AbstractJUnit4SpringContextTests.setApplicationContext(org.springframework.context.ApplicationContext)] because it is final: All calls to this method via a proxy will be routed directly to the proxy.
09:27:51.750 [main] WARN  o.a.cxf.bus.spring.OldSpringSupport - Import of META-INF/cxf/cxf-extension-soap.xml has been deprecated and is unnecessary.
09:27:51.843 [main] WARN  c.k.security.filter.PermissionFilter - Could not validate configuration attributes as the SecurityMetadataSource did not return any attributes from getAllConfigAttributes()
09:27:51.875 [main] WARN  o.s.s.c.h.DefaultFilterChainValidator - Possible error: Filters at position 9 and 10 are both instances of org.springframework.security.web.access.intercept.FilterSecurityInterceptor
09:27:51.937 [main] WARN  o.s.aop.framework.CglibAopProxy - Unable to proxy method [public final void org.springframework.test.context.junit4.AbstractJUnit4SpringContextTests.setApplicationContext(org.springframework.context.ApplicationContext)] because it is final: All calls to this method via a proxy will be routed directly to the proxy.
09:27:52.671 [main] WARN  o.a.cxf.bus.spring.OldSpringSupport - Import of META-INF/cxf/cxf-extension-soap.xml has been deprecated and is unnecessary.
09:27:52.828 [main] WARN  c.k.security.filter.PermissionFilter - Could not validate configuration attributes as the SecurityMetadataSource did not return any attributes from getAllConfigAttributes()
09:27:52.875 [main] WARN  o.s.s.c.h.DefaultFilterChainValidator - Possible error: Filters at position 9 and 10 are both instances of org.springframework.security.web.access.intercept.FilterSecurityInterceptor
09:27:52.937 [main] WARN  o.s.aop.framework.CglibAopProxy - Unable to proxy method [public final void org.springframework.test.context.junit4.AbstractJUnit4SpringContextTests.setApplicationContext(org.springframework.context.ApplicationContext)] because it is final: All calls to this method via a proxy will be routed directly to the proxy.
09:28:34.187 [main] WARN  o.a.cxf.bus.spring.OldSpringSupport - Import of META-INF/cxf/cxf-extension-soap.xml has been deprecated and is unnecessary.
09:28:35.421 [main] WARN  c.k.security.filter.PermissionFilter - Could not validate configuration attributes as the SecurityMetadataSource did not return any attributes from getAllConfigAttributes()
09:28:35.625 [main] WARN  o.s.s.c.h.DefaultFilterChainValidator - Possible error: Filters at position 9 and 10 are both instances of org.springframework.security.web.access.intercept.FilterSecurityInterceptor
09:28:36.171 [main] WARN  o.s.aop.framework.CglibAopProxy - Unable to proxy method [public final void org.springframework.test.context.junit4.AbstractJUnit4SpringContextTests.setApplicationContext(org.springframework.context.ApplicationContext)] because it is final: All calls to this method via a proxy will be routed directly to the proxy.
09:28:36.921 [main] WARN  o.a.cxf.bus.spring.OldSpringSupport - Import of META-INF/cxf/cxf-extension-soap.xml has been deprecated and is unnecessary.
09:28:37.031 [main] WARN  c.k.security.filter.PermissionFilter - Could not validate configuration attributes as the SecurityMetadataSource did not return any attributes from getAllConfigAttributes()
09:28:37.093 [main] WARN  o.s.s.c.h.DefaultFilterChainValidator - Possible error: Filters at position 9 and 10 are both instances of org.springframework.security.web.access.intercept.FilterSecurityInterceptor
09:28:37.156 [main] WARN  o.s.aop.framework.CglibAopProxy - Unable to proxy method [public final void org.springframework.test.context.junit4.AbstractJUnit4SpringContextTests.setApplicationContext(org.springframework.context.ApplicationContext)] because it is final: All calls to this method via a proxy will be routed directly to the proxy.
09:28:37.828 [main] WARN  o.a.cxf.bus.spring.OldSpringSupport - Import of META-INF/cxf/cxf-extension-soap.xml has been deprecated and is unnecessary.
09:28:37.937 [main] WARN  c.k.security.filter.PermissionFilter - Could not validate configuration attributes as the SecurityMetadataSource did not return any attributes from getAllConfigAttributes()
09:28:38.015 [main] WARN  o.s.s.c.h.DefaultFilterChainValidator - Possible error: Filters at position 9 and 10 are both instances of org.springframework.security.web.access.intercept.FilterSecurityInterceptor
09:28:38.062 [main] WARN  o.s.aop.framework.CglibAopProxy - Unable to proxy method [public final void org.springframework.test.context.junit4.AbstractJUnit4SpringContextTests.setApplicationContext(org.springframework.context.ApplicationContext)] because it is final: All calls to this method via a proxy will be routed directly to the proxy.
09:28:38.875 [main] WARN  o.a.cxf.bus.spring.OldSpringSupport - Import of META-INF/cxf/cxf-extension-soap.xml has been deprecated and is unnecessary.
09:28:38.968 [main] WARN  c.k.security.filter.PermissionFilter - Could not validate configuration attributes as the SecurityMetadataSource did not return any attributes from getAllConfigAttributes()
09:28:39.015 [main] WARN  o.s.s.c.h.DefaultFilterChainValidator - Possible error: Filters at position 9 and 10 are both instances of org.springframework.security.web.access.intercept.FilterSecurityInterceptor
09:28:39.078 [main] WARN  o.s.aop.framework.CglibAopProxy - Unable to proxy method [public final void org.springframework.test.context.junit4.AbstractJUnit4SpringContextTests.setApplicationContext(org.springframework.context.ApplicationContext)] because it is final: All calls to this method via a proxy will be routed directly to the proxy.
09:28:39.718 [main] WARN  o.a.cxf.bus.spring.OldSpringSupport - Import of META-INF/cxf/cxf-extension-soap.xml has been deprecated and is unnecessary.
09:28:39.812 [main] WARN  c.k.security.filter.PermissionFilter - Could not validate configuration attributes as the SecurityMetadataSource did not return any attributes from getAllConfigAttributes()
09:28:39.859 [main] WARN  o.s.s.c.h.DefaultFilterChainValidator - Possible error: Filters at position 9 and 10 are both instances of org.springframework.security.web.access.intercept.FilterSecurityInterceptor
09:28:39.921 [main] WARN  o.s.aop.framework.CglibAopProxy - Unable to proxy method [public final void org.springframework.test.context.junit4.AbstractJUnit4SpringContextTests.setApplicationContext(org.springframework.context.ApplicationContext)] because it is final: All calls to this method via a proxy will be routed directly to the proxy.
09:28:40.656 [main] WARN  o.a.cxf.bus.spring.OldSpringSupport - Import of META-INF/cxf/cxf-extension-soap.xml has been deprecated and is unnecessary.
09:28:40.750 [main] WARN  c.k.security.filter.PermissionFilter - Could not validate configuration attributes as the SecurityMetadataSource did not return any attributes from getAllConfigAttributes()
09:28:40.812 [main] WARN  o.s.s.c.h.DefaultFilterChainValidator - Possible error: Filters at position 9 and 10 are both instances of org.springframework.security.web.access.intercept.FilterSecurityInterceptor
09:28:40.859 [main] WARN  o.s.aop.framework.CglibAopProxy - Unable to proxy method [public final void org.springframework.test.context.junit4.AbstractJUnit4SpringContextTests.setApplicationContext(org.springframework.context.ApplicationContext)] because it is final: All calls to this method via a proxy will be routed directly to the proxy.
09:28:41.578 [main] WARN  o.a.cxf.bus.spring.OldSpringSupport - Import of META-INF/cxf/cxf-extension-soap.xml has been deprecated and is unnecessary.
09:28:41.671 [main] WARN  c.k.security.filter.PermissionFilter - Could not validate configuration attributes as the SecurityMetadataSource did not return any attributes from getAllConfigAttributes()
09:28:41.703 [main] WARN  o.s.s.c.h.DefaultFilterChainValidator - Possible error: Filters at position 9 and 10 are both instances of org.springframework.security.web.access.intercept.FilterSecurityInterceptor
09:28:41.765 [main] WARN  o.s.aop.framework.CglibAopProxy - Unable to proxy method [public final void org.springframework.test.context.junit4.AbstractJUnit4SpringContextTests.setApplicationContext(org.springframework.context.ApplicationContext)] because it is final: All calls to this method via a proxy will be routed directly to the proxy.
09:28:42.468 [main] WARN  o.a.cxf.bus.spring.OldSpringSupport - Import of META-INF/cxf/cxf-extension-soap.xml has been deprecated and is unnecessary.
09:28:42.609 [main] WARN  c.k.security.filter.PermissionFilter - Could not validate configuration attributes as the SecurityMetadataSource did not return any attributes from getAllConfigAttributes()
09:28:42.671 [main] WARN  o.s.s.c.h.DefaultFilterChainValidator - Possible error: Filters at position 9 and 10 are both instances of org.springframework.security.web.access.intercept.FilterSecurityInterceptor
09:28:42.765 [main] WARN  o.s.aop.framework.CglibAopProxy - Unable to proxy method [public final void org.springframework.test.context.junit4.AbstractJUnit4SpringContextTests.setApplicationContext(org.springframework.context.ApplicationContext)] because it is final: All calls to this method via a proxy will be routed directly to the proxy.
09:28:43.437 [main] WARN  o.a.cxf.bus.spring.OldSpringSupport - Import of META-INF/cxf/cxf-extension-soap.xml has been deprecated and is unnecessary.
09:28:43.531 [main] WARN  c.k.security.filter.PermissionFilter - Could not validate configuration attributes as the SecurityMetadataSource did not return any attributes from getAllConfigAttributes()
09:28:43.578 [main] WARN  o.s.s.c.h.DefaultFilterChainValidator - Possible error: Filters at position 9 and 10 are both instances of org.springframework.security.web.access.intercept.FilterSecurityInterceptor
09:28:43.625 [main] WARN  o.s.aop.framework.CglibAopProxy - Unable to proxy method [public final void org.springframework.test.context.junit4.AbstractJUnit4SpringContextTests.setApplicationContext(org.springframework.context.ApplicationContext)] because it is final: All calls to this method via a proxy will be routed directly to the proxy.
09:28:44.187 [main] WARN  o.a.cxf.bus.spring.OldSpringSupport - Import of META-INF/cxf/cxf-extension-soap.xml has been deprecated and is unnecessary.
09:28:44.281 [main] WARN  c.k.security.filter.PermissionFilter - Could not validate configuration attributes as the SecurityMetadataSource did not return any attributes from getAllConfigAttributes()
09:28:44.328 [main] WARN  o.s.s.c.h.DefaultFilterChainValidator - Possible error: Filters at position 9 and 10 are both instances of org.springframework.security.web.access.intercept.FilterSecurityInterceptor
09:28:44.375 [main] WARN  o.s.aop.framework.CglibAopProxy - Unable to proxy method [public final void org.springframework.test.context.junit4.AbstractJUnit4SpringContextTests.setApplicationContext(org.springframework.context.ApplicationContext)] because it is final: All calls to this method via a proxy will be routed directly to the proxy.
09:28:44.968 [main] WARN  o.a.cxf.bus.spring.OldSpringSupport - Import of META-INF/cxf/cxf-extension-soap.xml has been deprecated and is unnecessary.
09:28:45.062 [main] WARN  c.k.security.filter.PermissionFilter - Could not validate configuration attributes as the SecurityMetadataSource did not return any attributes from getAllConfigAttributes()
09:28:45.109 [main] WARN  o.s.s.c.h.DefaultFilterChainValidator - Possible error: Filters at position 9 and 10 are both instances of org.springframework.security.web.access.intercept.FilterSecurityInterceptor
09:28:45.156 [main] WARN  o.s.aop.framework.CglibAopProxy - Unable to proxy method [public final void org.springframework.test.context.junit4.AbstractJUnit4SpringContextTests.setApplicationContext(org.springframework.context.ApplicationContext)] because it is final: All calls to this method via a proxy will be routed directly to the proxy.
09:28:45.765 [main] WARN  o.a.cxf.bus.spring.OldSpringSupport - Import of META-INF/cxf/cxf-extension-soap.xml has been deprecated and is unnecessary.
09:28:45.859 [main] WARN  c.k.security.filter.PermissionFilter - Could not validate configuration attributes as the SecurityMetadataSource did not return any attributes from getAllConfigAttributes()
09:28:45.906 [main] WARN  o.s.s.c.h.DefaultFilterChainValidator - Possible error: Filters at position 9 and 10 are both instances of org.springframework.security.web.access.intercept.FilterSecurityInterceptor
09:28:45.953 [main] WARN  o.s.aop.framework.CglibAopProxy - Unable to proxy method [public final void org.springframework.test.context.junit4.AbstractJUnit4SpringContextTests.setApplicationContext(org.springframework.context.ApplicationContext)] because it is final: All calls to this method via a proxy will be routed directly to the proxy.
09:29:19.125 [main] WARN  o.a.cxf.bus.spring.OldSpringSupport - Import of META-INF/cxf/cxf-extension-soap.xml has been deprecated and is unnecessary.
09:29:20.187 [main] WARN  c.k.security.filter.PermissionFilter - Could not validate configuration attributes as the SecurityMetadataSource did not return any attributes from getAllConfigAttributes()
09:29:20.406 [main] WARN  o.s.s.c.h.DefaultFilterChainValidator - Possible error: Filters at position 9 and 10 are both instances of org.springframework.security.web.access.intercept.FilterSecurityInterceptor
09:29:20.984 [main] WARN  o.s.aop.framework.CglibAopProxy - Unable to proxy method [public final void org.springframework.test.context.junit4.AbstractJUnit4SpringContextTests.setApplicationContext(org.springframework.context.ApplicationContext)] because it is final: All calls to this method via a proxy will be routed directly to the proxy.
09:29:21.734 [main] WARN  o.a.cxf.bus.spring.OldSpringSupport - Import of META-INF/cxf/cxf-extension-soap.xml has been deprecated and is unnecessary.
09:29:21.843 [main] WARN  c.k.security.filter.PermissionFilter - Could not validate configuration attributes as the SecurityMetadataSource did not return any attributes from getAllConfigAttributes()
09:29:21.906 [main] WARN  o.s.s.c.h.DefaultFilterChainValidator - Possible error: Filters at position 9 and 10 are both instances of org.springframework.security.web.access.intercept.FilterSecurityInterceptor
09:29:21.953 [main] WARN  o.s.aop.framework.CglibAopProxy - Unable to proxy method [public final void org.springframework.test.context.junit4.AbstractJUnit4SpringContextTests.setApplicationContext(org.springframework.context.ApplicationContext)] because it is final: All calls to this method via a proxy will be routed directly to the proxy.
09:29:22.609 [main] WARN  o.a.cxf.bus.spring.OldSpringSupport - Import of META-INF/cxf/cxf-extension-soap.xml has been deprecated and is unnecessary.
09:29:22.718 [main] WARN  c.k.security.filter.PermissionFilter - Could not validate configuration attributes as the SecurityMetadataSource did not return any attributes from getAllConfigAttributes()
09:29:22.906 [main] WARN  o.s.s.c.h.DefaultFilterChainValidator - Possible error: Filters at position 9 and 10 are both instances of org.springframework.security.web.access.intercept.FilterSecurityInterceptor
09:29:22.968 [main] WARN  o.s.aop.framework.CglibAopProxy - Unable to proxy method [public final void org.springframework.test.context.junit4.AbstractJUnit4SpringContextTests.setApplicationContext(org.springframework.context.ApplicationContext)] because it is final: All calls to this method via a proxy will be routed directly to the proxy.
09:29:23.593 [main] WARN  o.a.cxf.bus.spring.OldSpringSupport - Import of META-INF/cxf/cxf-extension-soap.xml has been deprecated and is unnecessary.
09:29:23.703 [main] WARN  c.k.security.filter.PermissionFilter - Could not validate configuration attributes as the SecurityMetadataSource did not return any attributes from getAllConfigAttributes()
09:29:23.750 [main] WARN  o.s.s.c.h.DefaultFilterChainValidator - Possible error: Filters at position 9 and 10 are both instances of org.springframework.security.web.access.intercept.FilterSecurityInterceptor
09:29:23.812 [main] WARN  o.s.aop.framework.CglibAopProxy - Unable to proxy method [public final void org.springframework.test.context.junit4.AbstractJUnit4SpringContextTests.setApplicationContext(org.springframework.context.ApplicationContext)] because it is final: All calls to this method via a proxy will be routed directly to the proxy.
09:29:24.500 [main] WARN  o.a.cxf.bus.spring.OldSpringSupport - Import of META-INF/cxf/cxf-extension-soap.xml has been deprecated and is unnecessary.
09:29:24.593 [main] WARN  c.k.security.filter.PermissionFilter - Could not validate configuration attributes as the SecurityMetadataSource did not return any attributes from getAllConfigAttributes()
09:29:24.656 [main] WARN  o.s.s.c.h.DefaultFilterChainValidator - Possible error: Filters at position 9 and 10 are both instances of org.springframework.security.web.access.intercept.FilterSecurityInterceptor
09:29:24.703 [main] WARN  o.s.aop.framework.CglibAopProxy - Unable to proxy method [public final void org.springframework.test.context.junit4.AbstractJUnit4SpringContextTests.setApplicationContext(org.springframework.context.ApplicationContext)] because it is final: All calls to this method via a proxy will be routed directly to the proxy.
09:29:25.343 [main] WARN  o.a.cxf.bus.spring.OldSpringSupport - Import of META-INF/cxf/cxf-extension-soap.xml has been deprecated and is unnecessary.
09:29:25.437 [main] WARN  c.k.security.filter.PermissionFilter - Could not validate configuration attributes as the SecurityMetadataSource did not return any attributes from getAllConfigAttributes()
09:29:25.484 [main] WARN  o.s.s.c.h.DefaultFilterChainValidator - Possible error: Filters at position 9 and 10 are both instances of org.springframework.security.web.access.intercept.FilterSecurityInterceptor
09:29:25.531 [main] WARN  o.s.aop.framework.CglibAopProxy - Unable to proxy method [public final void org.springframework.test.context.junit4.AbstractJUnit4SpringContextTests.setApplicationContext(org.springframework.context.ApplicationContext)] because it is final: All calls to this method via a proxy will be routed directly to the proxy.
09:29:26.265 [main] WARN  o.a.cxf.bus.spring.OldSpringSupport - Import of META-INF/cxf/cxf-extension-soap.xml has been deprecated and is unnecessary.
09:29:26.359 [main] WARN  c.k.security.filter.PermissionFilter - Could not validate configuration attributes as the SecurityMetadataSource did not return any attributes from getAllConfigAttributes()
09:29:26.406 [main] WARN  o.s.s.c.h.DefaultFilterChainValidator - Possible error: Filters at position 9 and 10 are both instances of org.springframework.security.web.access.intercept.FilterSecurityInterceptor
09:29:26.500 [main] WARN  o.s.aop.framework.CglibAopProxy - Unable to proxy method [public final void org.springframework.test.context.junit4.AbstractJUnit4SpringContextTests.setApplicationContext(org.springframework.context.ApplicationContext)] because it is final: All calls to this method via a proxy will be routed directly to the proxy.
09:29:27.265 [main] WARN  o.a.cxf.bus.spring.OldSpringSupport - Import of META-INF/cxf/cxf-extension-soap.xml has been deprecated and is unnecessary.
09:29:27.390 [main] WARN  c.k.security.filter.PermissionFilter - Could not validate configuration attributes as the SecurityMetadataSource did not return any attributes from getAllConfigAttributes()
09:29:27.437 [main] WARN  o.s.s.c.h.DefaultFilterChainValidator - Possible error: Filters at position 9 and 10 are both instances of org.springframework.security.web.access.intercept.FilterSecurityInterceptor
09:29:27.515 [main] WARN  o.s.aop.framework.CglibAopProxy - Unable to proxy method [public final void org.springframework.test.context.junit4.AbstractJUnit4SpringContextTests.setApplicationContext(org.springframework.context.ApplicationContext)] because it is final: All calls to this method via a proxy will be routed directly to the proxy.
09:29:28.109 [main] WARN  o.a.cxf.bus.spring.OldSpringSupport - Import of META-INF/cxf/cxf-extension-soap.xml has been deprecated and is unnecessary.
09:29:28.203 [main] WARN  c.k.security.filter.PermissionFilter - Could not validate configuration attributes as the SecurityMetadataSource did not return any attributes from getAllConfigAttributes()
09:29:28.265 [main] WARN  o.s.s.c.h.DefaultFilterChainValidator - Possible error: Filters at position 9 and 10 are both instances of org.springframework.security.web.access.intercept.FilterSecurityInterceptor
09:29:28.312 [main] WARN  o.s.aop.framework.CglibAopProxy - Unable to proxy method [public final void org.springframework.test.context.junit4.AbstractJUnit4SpringContextTests.setApplicationContext(org.springframework.context.ApplicationContext)] because it is final: All calls to this method via a proxy will be routed directly to the proxy.
09:29:28.890 [main] WARN  o.a.cxf.bus.spring.OldSpringSupport - Import of META-INF/cxf/cxf-extension-soap.xml has been deprecated and is unnecessary.
09:29:29.015 [main] WARN  c.k.security.filter.PermissionFilter - Could not validate configuration attributes as the SecurityMetadataSource did not return any attributes from getAllConfigAttributes()
09:29:29.062 [main] WARN  o.s.s.c.h.DefaultFilterChainValidator - Possible error: Filters at position 9 and 10 are both instances of org.springframework.security.web.access.intercept.FilterSecurityInterceptor
09:29:29.109 [main] WARN  o.s.aop.framework.CglibAopProxy - Unable to proxy method [public final void org.springframework.test.context.junit4.AbstractJUnit4SpringContextTests.setApplicationContext(org.springframework.context.ApplicationContext)] because it is final: All calls to this method via a proxy will be routed directly to the proxy.
09:29:29.687 [main] WARN  o.a.cxf.bus.spring.OldSpringSupport - Import of META-INF/cxf/cxf-extension-soap.xml has been deprecated and is unnecessary.
09:29:29.781 [main] WARN  c.k.security.filter.PermissionFilter - Could not validate configuration attributes as the SecurityMetadataSource did not return any attributes from getAllConfigAttributes()
09:29:29.828 [main] WARN  o.s.s.c.h.DefaultFilterChainValidator - Possible error: Filters at position 9 and 10 are both instances of org.springframework.security.web.access.intercept.FilterSecurityInterceptor
09:29:29.875 [main] WARN  o.s.aop.framework.CglibAopProxy - Unable to proxy method [public final void org.springframework.test.context.junit4.AbstractJUnit4SpringContextTests.setApplicationContext(org.springframework.context.ApplicationContext)] because it is final: All calls to this method via a proxy will be routed directly to the proxy.
09:29:30.562 [main] WARN  o.a.cxf.bus.spring.OldSpringSupport - Import of META-INF/cxf/cxf-extension-soap.xml has been deprecated and is unnecessary.
09:29:30.687 [main] WARN  c.k.security.filter.PermissionFilter - Could not validate configuration attributes as the SecurityMetadataSource did not return any attributes from getAllConfigAttributes()
09:29:30.734 [main] WARN  o.s.s.c.h.DefaultFilterChainValidator - Possible error: Filters at position 9 and 10 are both instances of org.springframework.security.web.access.intercept.FilterSecurityInterceptor
09:29:30.796 [main] WARN  o.s.aop.framework.CglibAopProxy - Unable to proxy method [public final void org.springframework.test.context.junit4.AbstractJUnit4SpringContextTests.setApplicationContext(org.springframework.context.ApplicationContext)] because it is final: All calls to this method via a proxy will be routed directly to the proxy.
14:14:59.546 [main] ERROR c.alibaba.druid.pool.DruidDataSource - testWhileIdle is true, validationQuery not set
14:15:02.406 [main] WARN  o.a.cxf.bus.spring.OldSpringSupport - Import of META-INF/cxf/cxf-extension-soap.xml has been deprecated and is unnecessary.
14:15:04.640 [main] WARN  c.k.security.filter.PermissionFilter - Could not validate configuration attributes as the SecurityMetadataSource did not return any attributes from getAllConfigAttributes()
14:15:05.046 [main] WARN  o.s.s.c.h.DefaultFilterChainValidator - Possible error: Filters at position 9 and 10 are both instances of org.springframework.security.web.access.intercept.FilterSecurityInterceptor
14:15:06.468 [main] WARN  o.s.aop.framework.CglibAopProxy - Unable to proxy method [public final void org.springframework.test.context.junit4.AbstractJUnit4SpringContextTests.setApplicationContext(org.springframework.context.ApplicationContext)] because it is final: All calls to this method via a proxy will be routed directly to the proxy.
14:15:06.906 [main] ERROR c.alibaba.druid.pool.DruidDataSource - testWhileIdle is true, validationQuery not set
14:15:07.484 [main] WARN  o.a.cxf.bus.spring.OldSpringSupport - Import of META-INF/cxf/cxf-extension-soap.xml has been deprecated and is unnecessary.
14:15:07.609 [main] WARN  c.k.security.filter.PermissionFilter - Could not validate configuration attributes as the SecurityMetadataSource did not return any attributes from getAllConfigAttributes()
14:15:07.687 [main] WARN  o.s.s.c.h.DefaultFilterChainValidator - Possible error: Filters at position 9 and 10 are both instances of org.springframework.security.web.access.intercept.FilterSecurityInterceptor
14:15:07.734 [main] WARN  o.s.aop.framework.CglibAopProxy - Unable to proxy method [public final void org.springframework.test.context.junit4.AbstractJUnit4SpringContextTests.setApplicationContext(org.springframework.context.ApplicationContext)] because it is final: All calls to this method via a proxy will be routed directly to the proxy.
14:15:08.000 [main] ERROR c.alibaba.druid.pool.DruidDataSource - testWhileIdle is true, validationQuery not set
14:15:08.437 [main] WARN  o.a.cxf.bus.spring.OldSpringSupport - Import of META-INF/cxf/cxf-extension-soap.xml has been deprecated and is unnecessary.
14:15:08.671 [main] WARN  c.k.security.filter.PermissionFilter - Could not validate configuration attributes as the SecurityMetadataSource did not return any attributes from getAllConfigAttributes()
14:15:08.718 [main] WARN  o.s.s.c.h.DefaultFilterChainValidator - Possible error: Filters at position 9 and 10 are both instances of org.springframework.security.web.access.intercept.FilterSecurityInterceptor
14:15:08.781 [main] WARN  o.s.aop.framework.CglibAopProxy - Unable to proxy method [public final void org.springframework.test.context.junit4.AbstractJUnit4SpringContextTests.setApplicationContext(org.springframework.context.ApplicationContext)] because it is final: All calls to this method via a proxy will be routed directly to the proxy.
14:15:09.015 [main] ERROR c.alibaba.druid.pool.DruidDataSource - testWhileIdle is true, validationQuery not set
14:15:09.437 [main] WARN  o.a.cxf.bus.spring.OldSpringSupport - Import of META-INF/cxf/cxf-extension-soap.xml has been deprecated and is unnecessary.
14:15:09.562 [main] WARN  c.k.security.filter.PermissionFilter - Could not validate configuration attributes as the SecurityMetadataSource did not return any attributes from getAllConfigAttributes()
14:15:09.609 [main] WARN  o.s.s.c.h.DefaultFilterChainValidator - Possible error: Filters at position 9 and 10 are both instances of org.springframework.security.web.access.intercept.FilterSecurityInterceptor
14:15:09.656 [main] WARN  o.s.aop.framework.CglibAopProxy - Unable to proxy method [public final void org.springframework.test.context.junit4.AbstractJUnit4SpringContextTests.setApplicationContext(org.springframework.context.ApplicationContext)] because it is final: All calls to this method via a proxy will be routed directly to the proxy.
14:15:10.031 [main] ERROR c.alibaba.druid.pool.DruidDataSource - testWhileIdle is true, validationQuery not set
14:15:10.453 [main] WARN  o.a.cxf.bus.spring.OldSpringSupport - Import of META-INF/cxf/cxf-extension-soap.xml has been deprecated and is unnecessary.
14:15:10.562 [main] WARN  c.k.security.filter.PermissionFilter - Could not validate configuration attributes as the SecurityMetadataSource did not return any attributes from getAllConfigAttributes()
14:15:10.625 [main] WARN  o.s.s.c.h.DefaultFilterChainValidator - Possible error: Filters at position 9 and 10 are both instances of org.springframework.security.web.access.intercept.FilterSecurityInterceptor
14:15:10.953 [main] WARN  o.s.aop.framework.CglibAopProxy - Unable to proxy method [public final void org.springframework.test.context.junit4.AbstractJUnit4SpringContextTests.setApplicationContext(org.springframework.context.ApplicationContext)] because it is final: All calls to this method via a proxy will be routed directly to the proxy.
14:15:11.218 [main] ERROR c.alibaba.druid.pool.DruidDataSource - testWhileIdle is true, validationQuery not set
14:15:11.656 [main] WARN  o.a.cxf.bus.spring.OldSpringSupport - Import of META-INF/cxf/cxf-extension-soap.xml has been deprecated and is unnecessary.
14:15:11.750 [main] WARN  c.k.security.filter.PermissionFilter - Could not validate configuration attributes as the SecurityMetadataSource did not return any attributes from getAllConfigAttributes()
14:15:11.796 [main] WARN  o.s.s.c.h.DefaultFilterChainValidator - Possible error: Filters at position 9 and 10 are both instances of org.springframework.security.web.access.intercept.FilterSecurityInterceptor
14:15:11.843 [main] WARN  o.s.aop.framework.CglibAopProxy - Unable to proxy method [public final void org.springframework.test.context.junit4.AbstractJUnit4SpringContextTests.setApplicationContext(org.springframework.context.ApplicationContext)] because it is final: All calls to this method via a proxy will be routed directly to the proxy.
14:15:12.156 [main] ERROR c.alibaba.druid.pool.DruidDataSource - testWhileIdle is true, validationQuery not set
14:15:12.593 [main] WARN  o.a.cxf.bus.spring.OldSpringSupport - Import of META-INF/cxf/cxf-extension-soap.xml has been deprecated and is unnecessary.
14:15:12.703 [main] WARN  c.k.security.filter.PermissionFilter - Could not validate configuration attributes as the SecurityMetadataSource did not return any attributes from getAllConfigAttributes()
14:15:12.734 [main] WARN  o.s.s.c.h.DefaultFilterChainValidator - Possible error: Filters at position 9 and 10 are both instances of org.springframework.security.web.access.intercept.FilterSecurityInterceptor
14:15:12.796 [main] WARN  o.s.aop.framework.CglibAopProxy - Unable to proxy method [public final void org.springframework.test.context.junit4.AbstractJUnit4SpringContextTests.setApplicationContext(org.springframework.context.ApplicationContext)] because it is final: All calls to this method via a proxy will be routed directly to the proxy.
14:15:13.000 [main] ERROR c.alibaba.druid.pool.DruidDataSource - testWhileIdle is true, validationQuery not set
14:15:13.390 [main] WARN  o.a.cxf.bus.spring.OldSpringSupport - Import of META-INF/cxf/cxf-extension-soap.xml has been deprecated and is unnecessary.
14:15:13.484 [main] WARN  c.k.security.filter.PermissionFilter - Could not validate configuration attributes as the SecurityMetadataSource did not return any attributes from getAllConfigAttributes()
14:15:13.531 [main] WARN  o.s.s.c.h.DefaultFilterChainValidator - Possible error: Filters at position 9 and 10 are both instances of org.springframework.security.web.access.intercept.FilterSecurityInterceptor
14:15:13.593 [main] WARN  o.s.aop.framework.CglibAopProxy - Unable to proxy method [public final void org.springframework.test.context.junit4.AbstractJUnit4SpringContextTests.setApplicationContext(org.springframework.context.ApplicationContext)] because it is final: All calls to this method via a proxy will be routed directly to the proxy.
14:15:13.812 [main] ERROR c.alibaba.druid.pool.DruidDataSource - testWhileIdle is true, validationQuery not set
14:15:14.281 [main] WARN  o.a.cxf.bus.spring.OldSpringSupport - Import of META-INF/cxf/cxf-extension-soap.xml has been deprecated and is unnecessary.
14:15:14.390 [main] WARN  c.k.security.filter.PermissionFilter - Could not validate configuration attributes as the SecurityMetadataSource did not return any attributes from getAllConfigAttributes()
14:15:14.468 [main] WARN  o.s.s.c.h.DefaultFilterChainValidator - Possible error: Filters at position 9 and 10 are both instances of org.springframework.security.web.access.intercept.FilterSecurityInterceptor
14:15:14.515 [main] WARN  o.s.aop.framework.CglibAopProxy - Unable to proxy method [public final void org.springframework.test.context.junit4.AbstractJUnit4SpringContextTests.setApplicationContext(org.springframework.context.ApplicationContext)] because it is final: All calls to this method via a proxy will be routed directly to the proxy.
14:15:14.734 [main] ERROR c.alibaba.druid.pool.DruidDataSource - testWhileIdle is true, validationQuery not set
14:15:15.156 [main] WARN  o.a.cxf.bus.spring.OldSpringSupport - Import of META-INF/cxf/cxf-extension-soap.xml has been deprecated and is unnecessary.
14:15:15.250 [main] WARN  c.k.security.filter.PermissionFilter - Could not validate configuration attributes as the SecurityMetadataSource did not return any attributes from getAllConfigAttributes()
14:15:15.296 [main] WARN  o.s.s.c.h.DefaultFilterChainValidator - Possible error: Filters at position 9 and 10 are both instances of org.springframework.security.web.access.intercept.FilterSecurityInterceptor
14:15:15.343 [main] WARN  o.s.aop.framework.CglibAopProxy - Unable to proxy method [public final void org.springframework.test.context.junit4.AbstractJUnit4SpringContextTests.setApplicationContext(org.springframework.context.ApplicationContext)] because it is final: All calls to this method via a proxy will be routed directly to the proxy.
14:15:15.562 [main] ERROR c.alibaba.druid.pool.DruidDataSource - testWhileIdle is true, validationQuery not set
14:15:15.984 [main] WARN  o.a.cxf.bus.spring.OldSpringSupport - Import of META-INF/cxf/cxf-extension-soap.xml has been deprecated and is unnecessary.
14:15:16.078 [main] WARN  c.k.security.filter.PermissionFilter - Could not validate configuration attributes as the SecurityMetadataSource did not return any attributes from getAllConfigAttributes()
14:15:16.125 [main] WARN  o.s.s.c.h.DefaultFilterChainValidator - Possible error: Filters at position 9 and 10 are both instances of org.springframework.security.web.access.intercept.FilterSecurityInterceptor
14:15:16.171 [main] WARN  o.s.aop.framework.CglibAopProxy - Unable to proxy method [public final void org.springframework.test.context.junit4.AbstractJUnit4SpringContextTests.setApplicationContext(org.springframework.context.ApplicationContext)] because it is final: All calls to this method via a proxy will be routed directly to the proxy.
14:15:16.484 [main] ERROR c.alibaba.druid.pool.DruidDataSource - testWhileIdle is true, validationQuery not set
14:15:16.906 [main] WARN  o.a.cxf.bus.spring.OldSpringSupport - Import of META-INF/cxf/cxf-extension-soap.xml has been deprecated and is unnecessary.
14:15:17.000 [main] WARN  c.k.security.filter.PermissionFilter - Could not validate configuration attributes as the SecurityMetadataSource did not return any attributes from getAllConfigAttributes()
14:15:17.031 [main] WARN  o.s.s.c.h.DefaultFilterChainValidator - Possible error: Filters at position 9 and 10 are both instances of org.springframework.security.web.access.intercept.FilterSecurityInterceptor
14:15:17.078 [main] WARN  o.s.aop.framework.CglibAopProxy - Unable to proxy method [public final void org.springframework.test.context.junit4.AbstractJUnit4SpringContextTests.setApplicationContext(org.springframework.context.ApplicationContext)] because it is final: All calls to this method via a proxy will be routed directly to the proxy.
